Pertemuan 10/05.3_AdaptiveLayouts/Task_2/MaterialMe-Resource2/app/build/intermediates/manifest_merge_blame_file/debug/manifest-merger-blame-debug-report.txt
1<?xml version="1.0" encoding="utf-8"?>
2<manifest xmlns:android="http://schemas.android.com/apk/res/android"
3    package="com.ngamolsky.android.com.example.android.com.example.android.com.example.android.materialmeresource2"
4    android:versionCode="1"
5    android:versionName="1.0" >
6
7    <uses-sdk
8        android:minSdkVersion="16"
8-->src\main\AndroidManifest.xml
9        android:targetSdkVersion="32" />
9-->src\main\AndroidManifest.xml
10
11    <application
11-->src\main\AndroidManifest.xml:5:5-28:19
12        android:allowBackup="true"
12-->src\main\AndroidManifest.xml:6:9-35
13        android:appComponentFactory="android.support.v4.app.CoreComponentFactory"
13-->[com.android.support:support-compat:28.0.0] AndroidManifest.xml:22:18-91
14        android:debuggable="true"
15        android:icon="@mipmap/ic_launcher"
15-->src\main\AndroidManifest.xml:7:9-43
16        android:label="@string/app_name"
16-->src\main\AndroidManifest.xml:8:9-41
17        android:supportsRtl="true"
17-->src\main\AndroidManifest.xml:9:9-35
18        android:testOnly="true"
19        android:theme="@style/AppTheme" >
19-->src\main\AndroidManifest.xml:10:9-40
20        <activity
20-->src\main\AndroidManifest.xml:11:9-18:20
21            android:name="com.example.android.materialmeresource2.DetailActivity"
21-->src\main\AndroidManifest.xml:12:13-82
22            android:exported="false"
22-->src\main\AndroidManifest.xml:13:13-37
23            android:parentActivityName="com.example.android.materialmeresource2.MainActivity" >
23-->src\main\AndroidManifest.xml:14:13-94
24            <meta-data
24-->src\main\AndroidManifest.xml:15:13-17:88
25                android:name="android.support.PARENT_ACTIVITY"
25-->src\main\AndroidManifest.xml:16:17-63
26                android:value="com.example.android.materialmeresource2.MainActivity" />
26-->src\main\AndroidManifest.xml:17:17-85
27        </activity>
28        <activity
28-->src\main\AndroidManifest.xml:19:9-27:20
29            android:name="com.example.android.materialmeresource2.MainActivity"
29-->src\main\AndroidManifest.xml:20:13-80
30            android:exported="true" >
30-->src\main\AndroidManifest.xml:21:13-36
31            <intent-filter>
31-->src\main\AndroidManifest.xml:22:13-26:29
32                <action android:name="android.intent.action.MAIN" />
32-->src\main\AndroidManifest.xml:23:17-69
32-->src\main\AndroidManifest.xml:23:25-66
33
34                <category android:name="android.intent.category.LAUNCHER" />
34-->src\main\AndroidManifest.xml:25:17-77
34-->src\main\AndroidManifest.xml:25:27-74
35            </intent-filter>
36        </activity>
37    </application>
38
39</manifest>